<?xml version="1.0" encoding="UTF-8"?>
<!-- Generated by org.testng.reporters.JUnitReportReporter -->
<testsuite hostname="LAPTOP-EVN0A8MU" failures="0" tests="1" name="com.Efficiently.qa.testcases.LoginPageTest" time="89.755" errors="0" timestamp="2022-10-12T11:59:52 IST" skipped="0">
  <testcase classname="com.Efficiently.qa.testcases.LoginPageTest" name="loginTest" time="89.755"/>
  <system-out/>
</testsuite> <!-- com.Efficiently.qa.testcases.LoginPageTest -->
